<?xml version="1.0" encoding="UTF-8" ?>
<testsuite errors="1" failures="0" hostname="erik-jan-de-wits-computer-3.local" name="nl.erikjan.generators.testdata.framework.GeneratorLocatorTest" tests="1" time="75.492" timestamp="2009-03-15T11:36:40">
  <properties>
    <property name="java.runtime.name" value="Java(TM) 2 Runtime Environment, Standard Edition" />
    <property name="sun.boot.library.path" value="/System/Library/Frameworks/JavaVM.framework/Versions/1.5.0/Libraries" />
    <property name="java.vm.version" value="1.5.0_16-133" />
    <property name="awt.nativeDoubleBuffering" value="true" />
    <property name="gopherProxySet" value="false" />
    <property name="java.vm.vendor" value="Apple Inc." />
    <property name="java.vendor.url" value="http://www.apple.com/" />
    <property name="path.separator" value=":" />
    <property name="java.vm.name" value="Java HotSpot(TM) Client VM" />
    <property name="file.encoding.pkg" value="sun.io" />
    <property name="user.country" value="US" />
    <property name="sun.java.launcher" value="SUN_STANDARD" />
    <property name="sun.os.patch.level" value="unknown" />
    <property name="test" value="GeneratorLocatorTest" />
    <property name="java.vm.specification.name" value="Java Virtual Machine Specification" />
    <property name="user.dir" value="/Users/edewit/workspace/sourceforge/testdata-framework" />
    <property name="java.runtime.version" value="1.5.0_16-b06-284" />
    <property name="java.awt.graphicsenv" value="apple.awt.CGraphicsEnvironment" />
    <property name="basedir" value="/Users/edewit/workspace/sourceforge/testdata-framework" />
    <property name="java.endorsed.dirs" value="/System/Library/Frameworks/JavaVM.framework/Versions/1.5.0/Home/lib/endorsed" />
    <property name="os.arch" value="i386" />
    <property name="java.io.tmpdir" value="/tmp" />
    <property name="line.separator" value="
" />
    <property name="java.vm.specification.vendor" value="Sun Microsystems Inc." />
    <property name="os.name" value="Mac OS X" />
    <property name="sun.jnu.encoding" value="MacRoman" />
    <property name="java.library.path" value=".:/Library/Java/Extensions:/System/Library/Java/Extensions:/usr/lib/java" />
    <property name="java.specification.name" value="Java Platform API Specification" />
    <property name="java.class.version" value="49.0" />
    <property name="sun.management.compiler" value="HotSpot Client Compiler" />
    <property name="os.version" value="10.5.6" />
    <property name="user.home" value="/Users/edewit" />
    <property name="user.timezone" value="" />
    <property name="java.awt.printerjob" value="apple.awt.CPrinterJob" />
    <property name="java.specification.version" value="1.5" />
    <property name="file.encoding" value="MacRoman" />
    <property name="user.name" value="edewit" />
    <property name="java.class.path" value="/Applications/NetBeans/NetBeans 6.7 M2.app/Contents/Resources/NetBeans/java2/ant/patches/72080.jar:/Applications/NetBeans/NetBeans 6.7 M2.app/Contents/Resources/NetBeans/java2/ant/patches/ant-42275.jar:/Applications/NetBeans/NetBeans 6.7 M2.app/Contents/Resources/NetBeans/java2/ant/lib/ant.jar:/Applications/NetBeans/NetBeans 6.7 M2.app/Contents/Resources/NetBeans/java2/ant/lib/ant-junit.jar:/Users/edewit/workspace/sourceforge/testdata-framework/target/classes:/Users/edewit/workspace/sourceforge/testdata-framework/src/main/java:/Users/edewit/workspace/sourceforge/testdata-framework/src/main/resources:/Users/edewit/workspace/sourceforge/testdata-framework/target/test-classes:/Users/edewit/workspace/sourceforge/testdata-framework/src/test/java:/Users/edewit/.m2/repository/junit/junit/4.4/junit-4.4.jar:/Users/edewit/.m2/repository/org/hibernate/hibernate-validator/3.0.0.ga/hibernate-validator-3.0.0.ga.jar:/Users/edewit/.m2/repository/org/springframework/spring-context/2.5.6/spring-context-2.5.6.jar:/Users/edewit/.m2/repository/aopalliance/aopalliance/1.0/aopalliance-1.0.jar:/Users/edewit/.m2/repository/commons-logging/commons-logging/1.1.1/commons-logging-1.1.1.jar:/Users/edewit/.m2/repository/org/springframework/spring-beans/2.5.6/spring-beans-2.5.6.jar:/Users/edewit/.m2/repository/org/springframework/spring-core/2.5.6/spring-core-2.5.6.jar:/Users/edewit/.m2/repository/org/springframework/spring-aop/2.5.6/spring-aop-2.5.6.jar:/Users/edewit/.m2/repository/commons-beanutils/commons-beanutils/1.8.0/commons-beanutils-1.8.0.jar:/Users/edewit/.m2/repository/commons-lang/commons-lang/2.4/commons-lang-2.4.jar:/Users/edewit/.m2/repository/commons-jxpath/commons-jxpath/1.2/commons-jxpath-1.2.jar:/Users/edewit/.m2/repository/xerces/xerces/1.2.3/xerces-1.2.3.jar:/Users/edewit/.m2/repository/javax/servlet/servlet-api/2.2/servlet-api-2.2.jar:/Users/edewit/.m2/repository/ant/ant-optional/1.5.1/ant-optional-1.5.1.jar:/Users/edewit/.m2/repository/xml-apis/xml-apis/1.0.b2/xml-apis-1.0.b2.jar:/Users/edewit/.m2/repository/jdom/jdom/b9/jdom-b9.jar:/Users/edewit/.m2/repository/commons-collections/commons-collections/2.0/commons-collections-2.0.jar" />
    <property name="java.vm.specification.version" value="1.0" />
    <property name="sun.arch.data.model" value="32" />
    <property name="java.home" value="/System/Library/Frameworks/JavaVM.framework/Versions/1.5.0/Home" />
    <property name="java.specification.vendor" value="Sun Microsystems Inc." />
    <property name="user.language" value="en" />
    <property name="awt.toolkit" value="apple.awt.CToolkit" />
    <property name="java.vm.info" value="mixed mode" />
    <property name="java.version" value="1.5.0_16" />
    <property name="java.ext.dirs" value="/Library/Java/Extensions:/System/Library/Java/Extensions:/System/Library/Frameworks/JavaVM.framework/Versions/1.5.0/Home/lib/ext" />
    <property name="sun.boot.class.path" value="/System/Library/Frameworks/JavaVM.framework/Versions/1.5.0/Classes/classes.jar:/System/Library/Frameworks/JavaVM.framework/Versions/1.5.0/Classes/ui.jar:/System/Library/Frameworks/JavaVM.framework/Versions/1.5.0/Classes/laf.jar:/System/Library/Frameworks/JavaVM.framework/Versions/1.5.0/Classes/sunrsasign.jar:/System/Library/Frameworks/JavaVM.framework/Versions/1.5.0/Classes/jsse.jar:/System/Library/Frameworks/JavaVM.framework/Versions/1.5.0/Classes/jce.jar:/System/Library/Frameworks/JavaVM.framework/Versions/1.5.0/Classes/charsets.jar" />
    <property name="java.vendor" value="Apple Inc." />
    <property name="file.separator" value="/" />
    <property name="java.vendor.url.bug" value="http://bugreport.apple.com/" />
    <property name="forkMode" value="once" />
    <property name="sun.cpu.endian" value="little" />
    <property name="sun.io.unicode.encoding" value="UnicodeLittle" />
    <property name="mrj.version" value="1050.1.5.0_16-284" />
    <property name="sun.cpu.isalist" value="" />
  </properties>
  <testcase classname="nl.erikjan.generators.testdata.framework.GeneratorLocatorTest" name="shouldFindProperGenerator" time="70.561">
    <error message="No value for xpath: /.[regex != &apos;&apos;]" type="org.apache.commons.jxpath.JXPathException">org.apache.commons.jxpath.JXPathException: No value for xpath: /.[regex != &apos;&apos;]
	at org.apache.commons.jxpath.ri.JXPathContextReferenceImpl.getValue(JXPathContextReferenceImpl.java:318)
	at org.apache.commons.jxpath.ri.JXPathContextReferenceImpl.getValue(JXPathContextReferenceImpl.java:280)
	at nl.erikjan.generators.testdata.framework.GeneratorLocator.getGenerator(GeneratorLocator.java:40)
	at nl.erikjan.generators.testdata.framework.GeneratorLocatorTest.shouldFindProperGenerator(GeneratorLocatorTest.java:32)
</error>
  </testcase>
  <system-out><![CDATA[wahhhhhhhhhaaaaaattttttttt =nl.erikjan.generators.testdata.framework.FieldProperty@74aa60
]]></system-out>
  <system-err><![CDATA[]]></system-err>
</testsuite>
